<?xml version="1.0" encoding="UTF-8"?>
<!-- Generated by org.testng.reporters.JUnitXMLReporter -->
<testsuite hostname="WKWIN5662620" name="Test1" tests="5" failures="0" timestamp="18 Aug 2018 12:10:44 GMT" time="0.031" errors="0">
  <testcase name="test2" time="0.0" classname="seleniumClass5.TestClass1"/>
  <testcase name="test1" time="0.0" classname="seleniumClass5.TestClass1"/>
  <testcase name="test3" time="0.0" classname="seleniumClass5.TestClass1"/>
  <testcase name="test1" time="0.0" classname="seleniumClass5.TestClass2"/>
  <testcase name="test3" time="0.0" classname="seleniumClass5.TestClass2"/>
</testsuite> <!-- Test1 -->
